<?xml version="1.0" encoding="UTF-8"?>
<testsuite name="Wordpress application automation" tests="1" skipped="0" failures="0" errors="0" timestamp="2020-06-15T19:38:14" hostname="LAPTOP-U0LFOLUR" time="43.884">
  <properties/>
  <testcase name="Wordpress application authentication" classname="Wordpress application automation" time="43.884"/>
  <system-out><![CDATA[]]></system-out>
  <system-err><![CDATA[jun. 15, 2020 2:38:33 P. M. io.appium.java_client.remote.AppiumCommandExecutor$1 lambda$0
INFO: Detected dialect: W3C
[Test worker] INFO net.thucydides.core.steps.ConsoleLoggingListener - 
        __    _____ _____ ____ _____   ____   _    ____  ____  _____ ____  
  _     \ \  |_   _| ____/ ___|_   _| |  _ \ / \  / ___|/ ___|| ____|  _ \ 
 (_)_____| |   | | |  _| \___ \ | |   | |_) / _ \ \___ \\___ \|  _| | | | |
  _|_____| |   | | | |___ ___) || |   |  __/ ___ \ ___) |___) | |___| |_| |
 (_)     | |   |_| |_____|____/ |_|   |_| /_/   \_\____/|____/|_____|____/ 
        /_/                                                                

TEST PASSED: Wordpress application authentication
----------------------------------------------------------------------------
]]></system-err>
</testsuite>
